<?xml version="1.0" encoding="UTF-8"?>
<!-- Generated by org.testng.reporters.JUnitReportReporter -->
<testsuite skipped="0" hostname="DESKTOP-KCCH660" name="Runner.HybridRunner" tests="6" failures="0" timestamp="2023-06-09T14:04:25 BDT" time="95.750" errors="0">
  <testcase name="runScenario" time="4.677" classname="Runner.HybridRunner"/>
  <system-out/>
  <testcase name="runScenario" time="13.111" classname="Runner.HybridRunner"/>
  <system-out/>
  <testcase name="runScenario" time="46.537" classname="Runner.HybridRunner"/>
  <system-out/>
  <testcase name="runScenario" time="13.926" classname="Runner.HybridRunner"/>
  <system-out/>
  <testcase name="runScenario" time="1.541" classname="Runner.HybridRunner"/>
  <system-out/>
  <testcase name="runScenario" time="15.958" classname="Runner.HybridRunner"/>
  <system-out/>
</testsuite> <!-- Runner.HybridRunner -->
